0 info it worked if it ends with ok
1 verbose cli [ 'node', '/Users/Alex/.nvm/v0.10.43/bin/npm', 'start' ]
2 info using npm@3.8.5
3 info using node@v0.10.43
4 verbose run-script [ 'prestart', 'start', 'poststart' ]
5 info lifecycle zviz@0.0.0~prestart: zviz@0.0.0
6 silly lifecycle zviz@0.0.0~prestart: no script for prestart, continuing
7 info lifecycle zviz@0.0.0~start: zviz@0.0.0
8 verbose lifecycle zviz@0.0.0~start: unsafe-perm in lifecycle true
9 verbose lifecycle zviz@0.0.0~start: PATH: /Users/Alex/.nvm/v0.10.43/lib/node_modules/npm/bin/node-gyp-bin:/Users/Alex/GDrive/Code/SheetsViz/zviz/node_modules/.bin:/Users/Alex/.nvm/v0.10.43/bin:/Users/Alex/.nvm/v0.10.43/bin:/usr/local/bin:/usr/bin:/bin:/usr/sbin:/sbin:/opt/X11/bin
10 verbose lifecycle zviz@0.0.0~start: CWD: /Users/Alex/GDrive/Code/SheetsViz/zviz
11 silly lifecycle zviz@0.0.0~start: Args: [ '-c', 'gulp serve' ]
12 silly lifecycle zviz@0.0.0~start: Returned: code: 8  signal: null
13 info lifecycle zviz@0.0.0~start: Failed to exec start script
14 verbose stack Error: zviz@0.0.0 start: `gulp serve`
14 verbose stack Exit status 8
14 verbose stack     at EventEmitter.<anonymous> (/Users/Alex/.nvm/v0.10.43/lib/node_modules/npm/lib/utils/lifecycle.js:239:16)
14 verbose stack     at EventEmitter.emit (events.js:98:17)
14 verbose stack     at ChildProcess.<anonymous> (/Users/Alex/.nvm/v0.10.43/lib/node_modules/npm/lib/utils/spawn.js:24:14)
14 verbose stack     at ChildProcess.emit (events.js:98:17)
14 verbose stack     at maybeClose (child_process.js:766:16)
14 verbose stack     at Process.ChildProcess._handle.onexit (child_process.js:833:5)
15 verbose pkgid zviz@0.0.0
16 verbose cwd /Users/Alex/GDrive/Code/SheetsViz/zviz
17 error Darwin 15.4.0
18 error argv "node" "/Users/Alex/.nvm/v0.10.43/bin/npm" "start"
19 error node v0.10.43
20 error npm  v3.8.5
21 error code ELIFECYCLE
22 error zviz@0.0.0 start: `gulp serve`
22 error Exit status 8
23 error Failed at the zviz@0.0.0 start script 'gulp serve'.
23 error Make sure you have the latest version of node.js and npm installed.
23 error If you do, this is most likely a problem with the zviz package,
23 error not with npm itself.
23 error Tell the author that this fails on your system:
23 error     gulp serve
23 error You can get information on how to open an issue for this project with:
23 error     npm bugs zviz
23 error Or if that isn't available, you can get their info via:
23 error     npm owner ls zviz
23 error There is likely additional logging output above.
24 verbose exit [ 1, true ]
